# JRE version: Java(TM) SE Runtime Environment (8.0_91-b14) (build 1.8.0_91-b14)
# Java VM: Java HotSpot(TM) 64-Bit Server VM (25.91-b14 mixed mode linux-amd64 compressed oops)
Heap:
 PSYoungGen      total 368640K, used 24042K [0x00000000d6f80000, 0x00000000f0900000, 0x0000000100000000)
  eden space 344576K, 0% used [0x00000000d6f80000,0x00000000d6f80000,0x00000000ec000000)
  from space 24064K, 99% used [0x00000000ec000000,0x00000000ed77a8e8,0x00000000ed780000)
  to   space 14848K, 0% used [0x00000000ed780000,0x00000000ed780000,0x00000000ee600000)
 ParOldGen       total 333824K, used 333807K [0x0000000084e00000, 0x0000000099400000, 0x00000000d6f80000)
  object space 333824K, 99% used [0x0000000084e00000,0x00000000993fbfd8,0x0000000099400000)
 Metaspace       used 42532K, capacity 43086K, committed 43264K, reserved 1087488K
  class space    used 5432K, capacity 5553K, committed 5632K, reserved 1048576K
GC Heap History (10 events):
Event: 2,443 GC heap after
Heap after GC invocations=6 (full 1):
 PSYoungGen      total 132096K, used 0K [0x00000000d6f80000, 0x00000000e8080000, 0x0000000100000000)
  eden space 126976K, 0% used [0x00000000d6f80000,0x00000000d6f80000,0x00000000deb80000)
  from space 5120K, 0% used [0x00000000deb80000,0x00000000deb80000,0x00000000df080000)
  to   space 12800K, 0% used [0x00000000e7400000,0x00000000e7400000,0x00000000e8080000)
 ParOldGen       total 62976K, used 14738K [0x0000000084e00000, 0x0000000088b80000, 0x00000000d6f80000)
  object space 62976K, 23% used [0x0000000084e00000,0x0000000085c64a30,0x0000000088b80000)
 Metaspace       used 20958K, capacity 21174K, committed 21296K, reserved 1069056K
  class space    used 2576K, capacity 2658K, committed 2688K, reserved 1048576K
}
Event: 3,827 GC heap before
{Heap before GC invocations=7 (full 1):
 PSYoungGen      total 132096K, used 126976K [0x00000000d6f80000, 0x00000000e8080000, 0x0000000100000000)
  eden space 126976K, 100% used [0x00000000d6f80000,0x00000000deb80000,0x00000000deb80000)
  from space 5120K, 0% used [0x00000000deb80000,0x00000000deb80000,0x00000000df080000)
  to   space 12800K, 0% used [0x00000000e7400000,0x00000000e7400000,0x00000000e8080000)
 ParOldGen       total 62976K, used 14738K [0x0000000084e00000, 0x0000000088b80000, 0x00000000d6f80000)
  object space 62976K, 23% used [0x0000000084e00000,0x0000000085c64a30,0x0000000088b80000)
 Metaspace       used 28234K, capacity 28504K, committed 28800K, reserved 1075200K
  class space    used 3478K, capacity 3597K, committed 3712K, reserved 1048576K
Event: 3,849 GC heap after
Heap after GC invocations=7 (full 1):
 PSYoungGen      total 225280K, used 10991K [0x00000000d6f80000, 0x00000000e7f00000, 0x0000000100000000)
  eden space 214016K, 0% used [0x00000000d6f80000,0x00000000d6f80000,0x00000000e4080000)
  from space 11264K, 97% used [0x00000000e7400000,0x00000000e7ebbc60,0x00000000e7f00000)
  to   space 12800K, 0% used [0x00000000e6600000,0x00000000e6600000,0x00000000e7280000)
 ParOldGen       total 62976K, used 14746K [0x0000000084e00000, 0x0000000088b80000, 0x00000000d6f80000)
  object space 62976K, 23% used [0x0000000084e00000,0x0000000085c66a30,0x0000000088b80000)
 Metaspace       used 28234K, capacity 28504K, committed 28800K, reserved 1075200K
  class space    used 3478K, capacity 3597K, committed 3712K, reserved 1048576K
}
Event: 5,604 GC heap before
{Heap before GC invocations=8 (full 1):
 PSYoungGen      total 225280K, used 132267K [0x00000000d6f80000, 0x00000000e7f00000, 0x0000000100000000)
  eden space 214016K, 56% used [0x00000000d6f80000,0x00000000de5eefc8,0x00000000e4080000)
  from space 11264K, 97% used [0x00000000e7400000,0x00000000e7ebbc60,0x00000000e7f00000)
  to   space 12800K, 0% used [0x00000000e6600000,0x00000000e6600000,0x00000000e7280000)
 ParOldGen       total 62976K, used 14746K [0x0000000084e00000, 0x0000000088b80000, 0x00000000d6f80000)
  object space 62976K, 23% used [0x0000000084e00000,0x0000000085c66a30,0x0000000088b80000)
 Metaspace       used 34922K, capacity 35220K, committed 35496K, reserved 1081344K
  class space    used 4460K, capacity 4567K, committed 4608K, reserved 1048576K
Event: 5,638 GC heap after
Heap after GC invocations=8 (full 1):
 PSYoungGen      total 265216K, used 12793K [0x00000000d6f80000, 0x00000000ee600000, 0x0000000100000000)
  eden space 252416K, 0% used [0x00000000d6f80000,0x00000000d6f80000,0x00000000e6600000)
  from space 12800K, 99% used [0x00000000e6600000,0x00000000e727e640,0x00000000e7280000)
  to   space 14848K, 0% used [0x00000000ed780000,0x00000000ed780000,0x00000000ee600000)
 ParOldGen       total 62976K, used 16755K [0x0000000084e00000, 0x0000000088b80000, 0x00000000d6f80000)
  object space 62976K, 26% used [0x0000000084e00000,0x0000000085e5cee8,0x0000000088b80000)
 Metaspace       used 34922K, capacity 35220K, committed 35496K, reserved 1081344K
  class space    used 4460K, capacity 4567K, committed 4608K, reserved 1048576K
}
Event: 5,638 GC heap before
{Heap before GC invocations=9 (full 2):
 PSYoungGen      total 265216K, used 12793K [0x00000000d6f80000, 0x00000000ee600000, 0x0000000100000000)
  eden space 252416K, 0% used [0x00000000d6f80000,0x00000000d6f80000,0x00000000e6600000)
  from space 12800K, 99% used [0x00000000e6600000,0x00000000e727e640,0x00000000e7280000)
  to   space 14848K, 0% used [0x00000000ed780000,0x00000000ed780000,0x00000000ee600000)
 ParOldGen       total 62976K, used 16755K [0x0000000084e00000, 0x0000000088b80000, 0x00000000d6f80000)
  object space 62976K, 26% used [0x0000000084e00000,0x0000000085e5cee8,0x0000000088b80000)
 Metaspace       used 34922K, capacity 35220K, committed 35496K, reserved 1081344K
  class space    used 4460K, capacity 4567K, committed 4608K, reserved 1048576K
Event: 5,774 GC heap after
Heap after GC invocations=9 (full 2):
 PSYoungGen      total 265216K, used 0K [0x00000000d6f80000, 0x00000000ee600000, 0x0000000100000000)
  eden space 252416K, 0% used [0x00000000d6f80000,0x00000000d6f80000,0x00000000e6600000)
  from space 12800K, 0% used [0x00000000e6600000,0x00000000e6600000,0x00000000e7280000)
  to   space 14848K, 0% used [0x00000000ed780000,0x00000000ed780000,0x00000000ee600000)
 ParOldGen       total 91648K, used 23611K [0x0000000084e00000, 0x000000008a780000, 0x00000000d6f80000)
  object space 91648K, 25% used [0x0000000084e00000,0x000000008650ed08,0x000000008a780000)
 Metaspace       used 34922K, capacity 35220K, committed 35496K, reserved 1081344K
  class space    used 4460K, capacity 4567K, committed 4608K, reserved 1048576K
}
Event: 93,452 GC heap before
{Heap before GC invocations=10 (full 2):
 PSYoungGen      total 265216K, used 252416K [0x00000000d6f80000, 0x00000000ee600000, 0x0000000100000000)
  eden space 252416K, 100% used [0x00000000d6f80000,0x00000000e6600000,0x00000000e6600000)
  from space 12800K, 0% used [0x00000000e6600000,0x00000000e6600000,0x00000000e7280000)
  to   space 14848K, 0% used [0x00000000ed780000,0x00000000ed780000,0x00000000ee600000)
 ParOldGen       total 91648K, used 23611K [0x0000000084e00000, 0x000000008a780000, 0x00000000d6f80000)
  object space 91648K, 25% used [0x0000000084e00000,0x000000008650ed08,0x000000008a780000)
 Metaspace       used 42532K, capacity 43086K, committed 43264K, reserved 1087488K
  class space    used 5432K, capacity 5553K, committed 5632K, reserved 1048576K
Event: 93,507 GC heap after
Heap after GC invocations=10 (full 2):
 PSYoungGen      total 359424K, used 14825K [0x00000000d6f80000, 0x00000000f0900000, 0x0000000100000000)
  eden space 344576K, 0% used [0x00000000d6f80000,0x00000000d6f80000,0x00000000ec000000)
  from space 14848K, 99% used [0x00000000ed780000,0x00000000ee5fa478,0x00000000ee600000)
  to   space 24064K, 0% used [0x00000000ec000000,0x00000000ec000000,0x00000000ed780000)
 ParOldGen       total 91648K, used 41199K [0x0000000084e00000, 0x000000008a780000, 0x00000000d6f80000)
  object space 91648K, 44% used [0x0000000084e00000,0x000000008763bfd8,0x000000008a780000)
 Metaspace       used 42532K, capacity 43086K, committed 43264K, reserved 1087488K
  class space    used 5432K, capacity 5553K, committed 5632K, reserved 1048576K
}
Event: 93,608 GC heap before
{Heap before GC invocations=11 (full 2):
 PSYoungGen      total 359424K, used 359401K [0x00000000d6f80000, 0x00000000f0900000, 0x0000000100000000)
  eden space 344576K, 100% used [0x00000000d6f80000,0x00000000ec000000,0x00000000ec000000)
  from space 14848K, 99% used [0x00000000ed780000,0x00000000ee5fa478,0x00000000ee600000)
  to   space 24064K, 0% used [0x00000000ec000000,0x00000000ec000000,0x00000000ed780000)
 ParOldGen       total 91648K, used 41199K [0x0000000084e00000, 0x000000008a780000, 0x00000000d6f80000)
  object space 91648K, 44% used [0x0000000084e00000,0x000000008763bfd8,0x000000008a780000)
 Metaspace       used 42532K, capacity 43086K, committed 43264K, reserved 1087488K
  class space    used 5432K, capacity 5553K, committed 5632K, reserved 1048576K

